2017-03-03 14:49:49,669 [Worker-0] INFO  c.g.t.t.d.PublishedGradleVersions - Gradle version information cache is out-of-date. Trying to update.
2017-03-03 14:51:00,613 [Worker-0] INFO  o.e.m.c.i.p.ProjectConfigurationManager - Collecting project info '/pom.xml' /home/ioana/workspaceChangeDriven/ChangeSettingDummy/pom.xml
2017-03-03 14:51:01,144 [Worker-0] INFO  o.e.m.c.i.l.LifecycleMappingFactory - Using org.eclipse.m2e.jdt.JarLifecycleMapping lifecycle mapping for MavenProject: ChangeSettingDummy:ChangeSettingDummy:0.0.1-SNAPSHOT @ /home/ioana/workspaceChangeDriven/ChangeSettingDummy/pom.xml.
2017-03-03 14:51:01,490 [Worker-0] INFO  o.e.m.j.i.AbstractJavaProjectConfigurator - Adding source folder /ChangeSettingDummy/src/main/java
2017-03-03 14:51:01,491 [Worker-0] INFO  o.e.m.j.i.AbstractJavaProjectConfigurator - Adding source folder /ChangeSettingDummy/src/test/java
2017-03-03 14:51:01,793 [Worker-0] INFO  o.e.m.c.i.p.ProjectConfigurationManager - Imported and configured 1 project(s) in 1 sec
2017-03-03 14:51:02,281 [Worker-5] INFO  o.e.m.c.i.embedder.EclipseLogger - Using 'UTF-8' encoding to copy filtered resources.
2017-03-03 14:51:02,281 [Worker-5] INFO  o.e.m.c.i.embedder.EclipseLogger - skip non existing resourceDirectory /home/ioana/workspaceChangeDriven/ChangeSettingDummy/src/main/resources
2017-03-03 14:51:02,283 [Worker-5] INFO  o.e.m.c.i.embedder.EclipseLogger - Using 'UTF-8' encoding to copy filtered resources.
2017-03-03 14:51:02,283 [Worker-5] INFO  o.e.m.c.i.embedder.EclipseLogger - skip non existing resourceDirectory /home/ioana/workspaceChangeDriven/ChangeSettingDummy/src/test/resources
2017-03-03 14:51:12,054 [Worker-6] INFO  o.e.m.c.i.embedder.EclipseLogger - Using 'UTF-8' encoding to copy filtered resources.
2017-03-03 14:51:12,055 [Worker-6] INFO  o.e.m.c.i.embedder.EclipseLogger - skip non existing resourceDirectory /home/ioana/workspaceChangeDriven/ChangeSettingDummy/src/main/resources
2017-03-03 14:51:12,056 [Worker-6] INFO  o.e.m.c.i.embedder.EclipseLogger - Using 'UTF-8' encoding to copy filtered resources.
2017-03-03 14:51:12,056 [Worker-6] INFO  o.e.m.c.i.embedder.EclipseLogger - skip non existing resourceDirectory /home/ioana/workspaceChangeDriven/ChangeSettingDummy/src/test/resources
2017-03-03 14:51:25,251 [Worker-9] INFO  o.e.m.c.i.embedder.EclipseLogger - Using 'UTF-8' encoding to copy filtered resources.
2017-03-03 14:51:25,251 [Worker-9] INFO  o.e.m.c.i.embedder.EclipseLogger - skip non existing resourceDirectory /home/ioana/workspaceChangeDriven/ChangeSettingDummy/src/main/resources
2017-03-03 14:51:25,252 [Worker-9] INFO  o.e.m.c.i.embedder.EclipseLogger - Using 'UTF-8' encoding to copy filtered resources.
2017-03-03 14:51:25,252 [Worker-9] INFO  o.e.m.c.i.embedder.EclipseLogger - skip non existing resourceDirectory /home/ioana/workspaceChangeDriven/ChangeSettingDummy/src/test/resources
2017-03-03 14:51:33,478 [Worker-0] INFO  o.e.m.c.i.embedder.EclipseLogger - Using 'UTF-8' encoding to copy filtered resources.
2017-03-03 14:51:33,478 [Worker-0] INFO  o.e.m.c.i.embedder.EclipseLogger - skip non existing resourceDirectory /home/ioana/workspaceChangeDriven/ChangeSettingDummy/src/main/resources
2017-03-03 14:51:33,478 [Worker-0] INFO  o.e.m.c.i.embedder.EclipseLogger - Using 'UTF-8' encoding to copy filtered resources.
2017-03-03 14:51:33,478 [Worker-0] INFO  o.e.m.c.i.embedder.EclipseLogger - skip non existing resourceDirectory /home/ioana/workspaceChangeDriven/ChangeSettingDummy/src/test/resources
2017-03-03 14:51:42,210 [Worker-0] INFO  o.e.m.c.i.embedder.EclipseLogger - Using 'UTF-8' encoding to copy filtered resources.
2017-03-03 14:51:42,210 [Worker-0] INFO  o.e.m.c.i.embedder.EclipseLogger - skip non existing resourceDirectory /home/ioana/workspaceChangeDriven/ChangeSettingDummy/src/main/resources
2017-03-03 14:51:42,211 [Worker-0] INFO  o.e.m.c.i.embedder.EclipseLogger - Using 'UTF-8' encoding to copy filtered resources.
2017-03-03 14:51:42,211 [Worker-0] INFO  o.e.m.c.i.embedder.EclipseLogger - skip non existing resourceDirectory /home/ioana/workspaceChangeDriven/ChangeSettingDummy/src/test/resources
2017-03-03 14:51:47,180 [Worker-9] INFO  o.e.m.c.i.embedder.EclipseLogger - Using 'UTF-8' encoding to copy filtered resources.
2017-03-03 14:51:47,180 [Worker-9] INFO  o.e.m.c.i.embedder.EclipseLogger - skip non existing resourceDirectory /home/ioana/workspaceChangeDriven/ChangeSettingDummy/src/main/resources
2017-03-03 14:51:47,181 [Worker-9] INFO  o.e.m.c.i.embedder.EclipseLogger - Using 'UTF-8' encoding to copy filtered resources.
2017-03-03 14:51:47,181 [Worker-9] INFO  o.e.m.c.i.embedder.EclipseLogger - skip non existing resourceDirectory /home/ioana/workspaceChangeDriven/ChangeSettingDummy/src/test/resources
2017-03-03 14:51:56,507 [Worker-9] INFO  o.e.m.c.i.embedder.EclipseLogger - Using 'UTF-8' encoding to copy filtered resources.
2017-03-03 14:51:56,507 [Worker-9] INFO  o.e.m.c.i.embedder.EclipseLogger - skip non existing resourceDirectory /home/ioana/workspaceChangeDriven/ChangeSettingDummy/src/main/resources
2017-03-03 14:51:56,507 [Worker-9] INFO  o.e.m.c.i.embedder.EclipseLogger - Using 'UTF-8' encoding to copy filtered resources.
2017-03-03 14:51:56,508 [Worker-9] INFO  o.e.m.c.i.embedder.EclipseLogger - skip non existing resourceDirectory /home/ioana/workspaceChangeDriven/ChangeSettingDummy/src/test/resources
2017-03-03 14:52:06,523 [Worker-12] INFO  o.e.m.c.i.embedder.EclipseLogger - Using 'UTF-8' encoding to copy filtered resources.
2017-03-03 14:52:06,523 [Worker-12] INFO  o.e.m.c.i.embedder.EclipseLogger - skip non existing resourceDirectory /home/ioana/workspaceChangeDriven/ChangeSettingDummy/src/main/resources
2017-03-03 14:52:06,524 [Worker-12] INFO  o.e.m.c.i.embedder.EclipseLogger - Using 'UTF-8' encoding to copy filtered resources.
2017-03-03 14:52:06,524 [Worker-12] INFO  o.e.m.c.i.embedder.EclipseLogger - skip non existing resourceDirectory /home/ioana/workspaceChangeDriven/ChangeSettingDummy/src/test/resources
2017-03-03 15:25:00,066 [Worker-14] INFO  o.e.m.c.i.l.LifecycleMappingFactory - Using org.eclipse.m2e.jdt.JarLifecycleMapping lifecycle mapping for MavenProject: ChangeSettingDummy:ChangeSettingDummy:0.0.1-SNAPSHOT @ /home/ioana/workspaceChangeDriven/ChangeSettingDummy/pom.xml.
2017-03-03 15:25:00,490 [Worker-14] INFO  o.e.m.c.i.embedder.EclipseLogger - Using 'UTF-8' encoding to copy filtered resources.
2017-03-03 15:25:00,490 [Worker-14] INFO  o.e.m.c.i.embedder.EclipseLogger - skip non existing resourceDirectory /home/ioana/workspaceChangeDriven/ChangeSettingDummy/src/main/resources
2017-03-03 15:25:00,492 [Worker-14] INFO  o.e.m.c.i.embedder.EclipseLogger - Using 'UTF-8' encoding to copy filtered resources.
2017-03-03 15:25:00,492 [Worker-14] INFO  o.e.m.c.i.embedder.EclipseLogger - skip non existing resourceDirectory /home/ioana/workspaceChangeDriven/ChangeSettingDummy/src/test/resources
2017-03-03 15:25:04,504 [Worker-9] INFO  o.e.m.c.i.l.LifecycleMappingFactory - Using org.eclipse.m2e.jdt.JarLifecycleMapping lifecycle mapping for MavenProject: ChangeSettingDummy:ChangeSettingDummy:0.0.1-SNAPSHOT @ /home/ioana/workspaceChangeDriven/ChangeSettingDummy/pom.xml.
2017-03-03 15:25:04,562 [Worker-9] INFO  o.e.m.c.i.embedder.EclipseLogger - Using 'UTF-8' encoding to copy filtered resources.
2017-03-03 15:25:04,563 [Worker-9] INFO  o.e.m.c.i.embedder.EclipseLogger - skip non existing resourceDirectory /home/ioana/workspaceChangeDriven/ChangeSettingDummy/src/main/resources
2017-03-03 15:25:04,564 [Worker-9] INFO  o.e.m.c.i.embedder.EclipseLogger - Using 'UTF-8' encoding to copy filtered resources.
2017-03-03 15:25:04,564 [Worker-9] INFO  o.e.m.c.i.embedder.EclipseLogger - skip non existing resourceDirectory /home/ioana/workspaceChangeDriven/ChangeSettingDummy/src/test/resources
2017-03-03 15:25:39,605 [Worker-19] INFO  o.e.m.c.i.l.LifecycleMappingFactory - Using org.eclipse.m2e.jdt.JarLifecycleMapping lifecycle mapping for MavenProject: ChangeSettingDummy:ChangeSettingDummy:0.0.1-SNAPSHOT @ /home/ioana/workspaceChangeDriven/ChangeSettingDummy/pom.xml.
2017-03-03 15:25:39,665 [Worker-19] INFO  o.e.m.c.i.embedder.EclipseLogger - Using 'UTF-8' encoding to copy filtered resources.
2017-03-03 15:25:39,666 [Worker-19] INFO  o.e.m.c.i.embedder.EclipseLogger - skip non existing resourceDirectory /home/ioana/workspaceChangeDriven/ChangeSettingDummy/src/main/resources
2017-03-03 15:25:39,667 [Worker-19] INFO  o.e.m.c.i.embedder.EclipseLogger - Using 'UTF-8' encoding to copy filtered resources.
2017-03-03 15:25:39,667 [Worker-19] INFO  o.e.m.c.i.embedder.EclipseLogger - skip non existing resourceDirectory /home/ioana/workspaceChangeDriven/ChangeSettingDummy/src/test/resources
2017-03-03 15:25:56,727 [Worker-14] INFO  o.e.m.c.i.l.LifecycleMappingFactory - Using org.eclipse.m2e.jdt.JarLifecycleMapping lifecycle mapping for MavenProject: ChangeSettingDummy:ChangeSettingDummy:0.0.1-SNAPSHOT @ /home/ioana/workspaceChangeDriven/ChangeSettingDummy/pom.xml.
2017-03-03 15:25:56,782 [Worker-14] INFO  o.e.m.c.i.embedder.EclipseLogger - Using 'UTF-8' encoding to copy filtered resources.
2017-03-03 15:25:56,782 [Worker-14] INFO  o.e.m.c.i.embedder.EclipseLogger - skip non existing resourceDirectory /home/ioana/workspaceChangeDriven/ChangeSettingDummy/src/main/resources
2017-03-03 15:25:56,784 [Worker-14] INFO  o.e.m.c.i.embedder.EclipseLogger - Using 'UTF-8' encoding to copy filtered resources.
2017-03-03 15:25:56,784 [Worker-14] INFO  o.e.m.c.i.embedder.EclipseLogger - skip non existing resourceDirectory /home/ioana/workspaceChangeDriven/ChangeSettingDummy/src/test/resources
2017-03-03 15:27:16,145 [Worker-19] INFO  o.e.m.c.i.l.LifecycleMappingFactory - Using org.eclipse.m2e.jdt.JarLifecycleMapping lifecycle mapping for MavenProject: ChangeSettingDummy:ChangeSettingDummy:0.0.1-SNAPSHOT @ /home/ioana/workspaceChangeDriven/ChangeSettingDummy/pom.xml.
2017-03-03 15:27:16,193 [Worker-19] INFO  o.e.m.c.i.embedder.EclipseLogger - Using 'UTF-8' encoding to copy filtered resources.
2017-03-03 15:27:16,194 [Worker-19] INFO  o.e.m.c.i.embedder.EclipseLogger - skip non existing resourceDirectory /home/ioana/workspaceChangeDriven/ChangeSettingDummy/src/main/resources
2017-03-03 15:27:16,195 [Worker-19] INFO  o.e.m.c.i.embedder.EclipseLogger - Using 'UTF-8' encoding to copy filtered resources.
2017-03-03 15:27:16,195 [Worker-19] INFO  o.e.m.c.i.embedder.EclipseLogger - skip non existing resourceDirectory /home/ioana/workspaceChangeDriven/ChangeSettingDummy/src/test/resources
2017-03-03 15:27:28,545 [Worker-9] INFO  o.e.m.c.i.l.LifecycleMappingFactory - Using org.eclipse.m2e.jdt.JarLifecycleMapping lifecycle mapping for MavenProject: ChangeSettingDummy:ChangeSettingDummy:0.0.1-SNAPSHOT @ /home/ioana/workspaceChangeDriven/ChangeSettingDummy/pom.xml.
2017-03-03 15:27:28,598 [Worker-9] INFO  o.e.m.c.i.embedder.EclipseLogger - Using 'UTF-8' encoding to copy filtered resources.
2017-03-03 15:27:28,599 [Worker-9] INFO  o.e.m.c.i.embedder.EclipseLogger - skip non existing resourceDirectory /home/ioana/workspaceChangeDriven/ChangeSettingDummy/src/main/resources
2017-03-03 15:27:28,600 [Worker-9] INFO  o.e.m.c.i.embedder.EclipseLogger - Using 'UTF-8' encoding to copy filtered resources.
2017-03-03 15:27:28,601 [Worker-9] INFO  o.e.m.c.i.embedder.EclipseLogger - skip non existing resourceDirectory /home/ioana/workspaceChangeDriven/ChangeSettingDummy/src/test/resources
2017-03-03 15:27:39,128 [main] INFO  o.e.m2e.actions.ExecutePomAction - Creating new launch configuration
2017-03-03 15:27:42,373 [Worker-19] INFO  o.e.m.i.launch.MavenLaunchDelegate - /home/ioana/workspaceChangeDriven/ChangeSettingDummy
2017-03-03 15:27:42,374 [Worker-19] INFO  o.e.m.i.launch.MavenLaunchDelegate -  mvn -B 
2017-03-03 15:28:02,414 [Worker-20] INFO  o.e.m.c.i.l.LifecycleMappingFactory - Using org.eclipse.m2e.jdt.JarLifecycleMapping lifecycle mapping for MavenProject: ChangeSettingDummy:ChangeSettingDummy:0.0.1-SNAPSHOT @ /home/ioana/workspaceChangeDriven/ChangeSettingDummy/pom.xml.
2017-03-03 15:28:02,450 [Worker-20] INFO  o.e.m.c.i.embedder.EclipseLogger - Using 'UTF-8' encoding to copy filtered resources.
2017-03-03 15:28:02,450 [Worker-20] INFO  o.e.m.c.i.embedder.EclipseLogger - skip non existing resourceDirectory /home/ioana/workspaceChangeDriven/ChangeSettingDummy/src/main/resources
2017-03-03 15:28:02,451 [Worker-20] INFO  o.e.m.c.i.embedder.EclipseLogger - Using 'UTF-8' encoding to copy filtered resources.
2017-03-03 15:28:02,452 [Worker-20] INFO  o.e.m.c.i.embedder.EclipseLogger - skip non existing resourceDirectory /home/ioana/workspaceChangeDriven/ChangeSettingDummy/src/test/resources
2017-03-03 15:28:05,570 [main] INFO  o.e.m2e.actions.ExecutePomAction - Using existing launch configuration
2017-03-03 15:28:07,359 [Worker-19] INFO  o.e.m.i.launch.MavenLaunchDelegate - /home/ioana/workspaceChangeDriven/ChangeSettingDummy
2017-03-03 15:28:07,359 [Worker-19] INFO  o.e.m.i.launch.MavenLaunchDelegate -  mvn -B 
2017-03-03 15:28:27,396 [Worker-21] INFO  o.e.m.c.i.l.LifecycleMappingFactory - Using org.eclipse.m2e.jdt.JarLifecycleMapping lifecycle mapping for MavenProject: ChangeSettingDummy:ChangeSettingDummy:0.0.1-SNAPSHOT @ /home/ioana/workspaceChangeDriven/ChangeSettingDummy/pom.xml.
2017-03-03 15:28:27,450 [Worker-21] INFO  o.e.m.c.i.embedder.EclipseLogger - Using 'UTF-8' encoding to copy filtered resources.
2017-03-03 15:28:27,451 [Worker-21] INFO  o.e.m.c.i.embedder.EclipseLogger - skip non existing resourceDirectory /home/ioana/workspaceChangeDriven/ChangeSettingDummy/src/main/resources
2017-03-03 15:28:27,452 [Worker-21] INFO  o.e.m.c.i.embedder.EclipseLogger - Using 'UTF-8' encoding to copy filtered resources.
2017-03-03 15:28:27,453 [Worker-21] INFO  o.e.m.c.i.embedder.EclipseLogger - skip non existing resourceDirectory /home/ioana/workspaceChangeDriven/ChangeSettingDummy/src/test/resources
2017-03-03 15:28:34,721 [Worker-9] INFO  o.e.m.i.launch.MavenLaunchDelegate - /home/ioana/workspaceChangeDriven/ChangeSettingDummy
2017-03-03 15:28:34,722 [Worker-9] INFO  o.e.m.i.launch.MavenLaunchDelegate -  mvn -B install
2017-03-03 15:28:36,639 [Worker-9] INFO  o.e.m.c.i.embedder.EclipseLogger - Using 'UTF-8' encoding to copy filtered resources.
2017-03-03 15:28:36,640 [Worker-9] INFO  o.e.m.c.i.embedder.EclipseLogger - skip non existing resourceDirectory /home/ioana/workspaceChangeDriven/ChangeSettingDummy/src/main/resources
2017-03-03 15:28:36,640 [Worker-9] INFO  o.e.m.c.i.embedder.EclipseLogger - Using 'UTF-8' encoding to copy filtered resources.
2017-03-03 15:28:36,640 [Worker-9] INFO  o.e.m.c.i.embedder.EclipseLogger - skip non existing resourceDirectory /home/ioana/workspaceChangeDriven/ChangeSettingDummy/src/test/resources
2017-03-03 15:29:00,916 [Worker-20] INFO  o.e.m.c.i.l.LifecycleMappingFactory - Using org.eclipse.m2e.jdt.JarLifecycleMapping lifecycle mapping for MavenProject: ChangeSettingDummy:ChangeSettingDummy:0.0.1-SNAPSHOT @ /home/ioana/workspaceChangeDriven/ChangeSettingDummy/pom.xml.
2017-03-03 15:29:01,005 [Worker-20] INFO  o.e.m.c.i.embedder.EclipseLogger - Using 'UTF-8' encoding to copy filtered resources.
2017-03-03 15:29:01,005 [Worker-20] INFO  o.e.m.c.i.embedder.EclipseLogger - skip non existing resourceDirectory /home/ioana/workspaceChangeDriven/ChangeSettingDummy/src/main/resources
2017-03-03 15:29:01,006 [Worker-20] INFO  o.e.m.c.i.embedder.EclipseLogger - Using 'UTF-8' encoding to copy filtered resources.
2017-03-03 15:29:01,006 [Worker-20] INFO  o.e.m.c.i.embedder.EclipseLogger - skip non existing resourceDirectory /home/ioana/workspaceChangeDriven/ChangeSettingDummy/src/test/resources
2017-03-03 15:29:02,148 [Worker-21] INFO  o.e.m.c.i.embedder.EclipseLogger - Using 'UTF-8' encoding to copy filtered resources.
2017-03-03 15:29:02,148 [Worker-21] INFO  o.e.m.c.i.embedder.EclipseLogger - skip non existing resourceDirectory /home/ioana/workspaceChangeDriven/ChangeSettingDummy/src/main/resources
2017-03-03 15:29:02,148 [Worker-21] INFO  o.e.m.c.i.embedder.EclipseLogger - Using 'UTF-8' encoding to copy filtered resources.
2017-03-03 15:29:02,148 [Worker-21] INFO  o.e.m.c.i.embedder.EclipseLogger - skip non existing resourceDirectory /home/ioana/workspaceChangeDriven/ChangeSettingDummy/src/test/resources
2017-03-03 15:29:04,042 [main] INFO  o.e.m2e.actions.ExecutePomAction - Creating new launch configuration
2017-03-03 15:29:11,253 [Worker-9] INFO  o.e.m.i.launch.MavenLaunchDelegate - /home/ioana/workspaceChangeDriven/ChangeSettingDummy
2017-03-03 15:29:11,254 [Worker-9] INFO  o.e.m.i.launch.MavenLaunchDelegate -  mvn -B clean package
2017-03-03 15:30:40,676 [Worker-20] ERROR o.e.m.c.i.p.r.ProjectRegistryManager - Could not read pom.xml
org.eclipse.core.runtime.CoreException: Could not read pom.xml
	at org.eclipse.m2e.core.internal.embedder.MavenImpl.readModel(MavenImpl.java:565) ~[org.eclipse.m2e.core_1.7.0.20160603-1933.jar:na]
	at org.eclipse.m2e.core.internal.embedder.MavenImpl.readModel(MavenImpl.java:574) ~[org.eclipse.m2e.core_1.7.0.20160603-1933.jar:na]
	at org.eclipse.m2e.core.internal.project.registry.ProjectRegistryManager.refreshPhase2(ProjectRegistryManager.java:542) [org.eclipse.m2e.core_1.7.0.20160603-1933.jar:na]
	at org.eclipse.m2e.core.internal.project.registry.ProjectRegistryManager.refresh(ProjectRegistryManager.java:498) [org.eclipse.m2e.core_1.7.0.20160603-1933.jar:na]
	at org.eclipse.m2e.core.internal.project.registry.ProjectRegistryManager.refresh(ProjectRegistryManager.java:351) [org.eclipse.m2e.core_1.7.0.20160603-1933.jar:na]
	at org.eclipse.m2e.core.internal.project.registry.ProjectRegistryManager.refresh(ProjectRegistryManager.java:298) [org.eclipse.m2e.core_1.7.0.20160603-1933.jar:na]
	at org.eclipse.m2e.core.internal.builder.MavenBuilder$BuildMethod.getProjectFacade(MavenBuilder.java:154) [org.eclipse.m2e.core_1.7.0.20160603-1933.jar:na]
	at org.eclipse.m2e.core.internal.builder.MavenBuilder$BuildMethod$1.call(MavenBuilder.java:89) [org.eclipse.m2e.core_1.7.0.20160603-1933.jar:na]
	at org.eclipse.m2e.core.internal.embedder.MavenExecutionContext.executeBare(MavenExecutionContext.java:176) [org.eclipse.m2e.core_1.7.0.20160603-1933.jar:na]
	at org.eclipse.m2e.core.internal.embedder.MavenExecutionContext.execute(MavenExecutionContext.java:151) [org.eclipse.m2e.core_1.7.0.20160603-1933.jar:na]
	at org.eclipse.m2e.core.internal.embedder.MavenExecutionContext.execute(MavenExecutionContext.java:99) [org.eclipse.m2e.core_1.7.0.20160603-1933.jar:na]
	at org.eclipse.m2e.core.internal.builder.MavenBuilder$BuildMethod.execute(MavenBuilder.java:86) [org.eclipse.m2e.core_1.7.0.20160603-1933.jar:na]
	at org.eclipse.m2e.core.internal.builder.MavenBuilder.build(MavenBuilder.java:200) [org.eclipse.m2e.core_1.7.0.20160603-1933.jar:na]
	at org.eclipse.core.internal.events.BuildManager$2.run(BuildManager.java:735) [org.eclipse.core.resources_3.11.1.v20161107-2032.jar:na]
	at org.eclipse.core.runtime.SafeRunner.run(SafeRunner.java:42) [org.eclipse.equinox.common_3.8.0.v20160509-1230.jar:na]
	at org.eclipse.core.internal.events.BuildManager.basicBuild(BuildManager.java:206) [org.eclipse.core.resources_3.11.1.v20161107-2032.jar:na]
	at org.eclipse.core.internal.events.BuildManager.basicBuild(BuildManager.java:246) [org.eclipse.core.resources_3.11.1.v20161107-2032.jar:na]
	at org.eclipse.core.internal.events.BuildManager$1.run(BuildManager.java:301) [org.eclipse.core.resources_3.11.1.v20161107-2032.jar:na]
	at org.eclipse.core.runtime.SafeRunner.run(SafeRunner.java:42) [org.eclipse.equinox.common_3.8.0.v20160509-1230.jar:na]
	at org.eclipse.core.internal.events.BuildManager.basicBuild(BuildManager.java:304) [org.eclipse.core.resources_3.11.1.v20161107-2032.jar:na]
	at org.eclipse.core.internal.events.BuildManager.basicBuildLoop(BuildManager.java:360) [org.eclipse.core.resources_3.11.1.v20161107-2032.jar:na]
	at org.eclipse.core.internal.events.BuildManager.build(BuildManager.java:383) [org.eclipse.core.resources_3.11.1.v20161107-2032.jar:na]
	at org.eclipse.core.internal.events.AutoBuildJob.doBuild(AutoBuildJob.java:144) [org.eclipse.core.resources_3.11.1.v20161107-2032.jar:na]
	at org.eclipse.core.internal.events.AutoBuildJob.run(AutoBuildJob.java:235) [org.eclipse.core.resources_3.11.1.v20161107-2032.jar:na]
	at org.eclipse.core.internal.jobs.Worker.run(Worker.java:55) [org.eclipse.core.jobs_3.8.0.v20160509-0411.jar:na]
Caused by: org.apache.maven.model.io.ModelParseException: end tag name </plugin> must match start tag name <executions> from line 24 (position: TEXT seen ...</execution>  \n \t\t</plugin>... @37:13) 
	at org.apache.maven.model.io.DefaultModelReader.read(DefaultModelReader.java:122) ~[maven-model-builder-3.3.9.jar:3.3.9]
	at org.apache.maven.model.io.DefaultModelReader.read(DefaultModelReader.java:86) ~[maven-model-builder-3.3.9.jar:3.3.9]
	at org.eclipse.m2e.core.internal.embedder.MavenImpl.readModel(MavenImpl.java:563) ~[org.eclipse.m2e.core_1.7.0.20160603-1933.jar:na]
	... 24 common frames omitted
Caused by: org.codehaus.plexus.util.xml.pull.XmlPullParserException: end tag name </plugin> must match start tag name <executions> from line 24 (position: TEXT seen ...</execution>  \n \t\t</plugin>... @37:13) 
	at org.codehaus.plexus.util.xml.pull.MXParser.parseEndTag(MXParser.java:1727) ~[plexus-utils-3.0.22.jar:na]
	at org.codehaus.plexus.util.xml.pull.MXParser.nextImpl(MXParser.java:1169) ~[plexus-utils-3.0.22.jar:na]
	at org.codehaus.plexus.util.xml.pull.MXParser.next(MXParser.java:1131) ~[plexus-utils-3.0.22.jar:na]
	at org.codehaus.plexus.util.xml.pull.MXParser.nextTag(MXParser.java:1118) ~[plexus-utils-3.0.22.jar:na]
	at org.apache.maven.model.io.xpp3.MavenXpp3Reader.parsePlugin(MavenXpp3Reader.java:2735) ~[maven-model-3.3.9.jar:3.3.9]
	at org.apache.maven.model.io.xpp3.MavenXpp3Reader.parseBuild(MavenXpp3Reader.java:988) ~[maven-model-3.3.9.jar:3.3.9]
	at org.apache.maven.model.io.xpp3.MavenXpp3Reader.parseModel(MavenXpp3Reader.java:2277) ~[maven-model-3.3.9.jar:3.3.9]
	at org.apache.maven.model.io.xpp3.MavenXpp3Reader.read(MavenXpp3Reader.java:3845) ~[maven-model-3.3.9.jar:3.3.9]
	at org.apache.maven.model.io.xpp3.MavenXpp3Reader.read(MavenXpp3Reader.java:595) ~[maven-model-3.3.9.jar:3.3.9]
	at org.apache.maven.model.io.DefaultModelReader.read(DefaultModelReader.java:117) ~[maven-model-builder-3.3.9.jar:3.3.9]
	... 26 common frames omitted
2017-03-03 15:30:42,006 [Worker-20] ERROR o.e.m.c.i.p.r.ProjectRegistryManager - Could not read pom.xml
org.eclipse.core.runtime.CoreException: Could not read pom.xml
	at org.eclipse.m2e.core.internal.embedder.MavenImpl.readModel(MavenImpl.java:565) ~[org.eclipse.m2e.core_1.7.0.20160603-1933.jar:na]
	at org.eclipse.m2e.core.internal.embedder.MavenImpl.readModel(MavenImpl.java:574) ~[org.eclipse.m2e.core_1.7.0.20160603-1933.jar:na]
	at org.eclipse.m2e.core.internal.project.registry.ProjectRegistryManager.refreshPhase2(ProjectRegistryManager.java:542) [org.eclipse.m2e.core_1.7.0.20160603-1933.jar:na]
	at org.eclipse.m2e.core.internal.project.registry.ProjectRegistryManager.refresh(ProjectRegistryManager.java:498) [org.eclipse.m2e.core_1.7.0.20160603-1933.jar:na]
	at org.eclipse.m2e.core.internal.project.registry.ProjectRegistryManager.refresh(ProjectRegistryManager.java:351) [org.eclipse.m2e.core_1.7.0.20160603-1933.jar:na]
	at org.eclipse.m2e.core.internal.project.registry.ProjectRegistryManager.refresh(ProjectRegistryManager.java:298) [org.eclipse.m2e.core_1.7.0.20160603-1933.jar:na]
	at org.eclipse.m2e.core.internal.builder.MavenBuilder$BuildMethod.getProjectFacade(MavenBuilder.java:154) [org.eclipse.m2e.core_1.7.0.20160603-1933.jar:na]
	at org.eclipse.m2e.core.internal.builder.MavenBuilder$BuildMethod$1.call(MavenBuilder.java:89) [org.eclipse.m2e.core_1.7.0.20160603-1933.jar:na]
	at org.eclipse.m2e.core.internal.embedder.MavenExecutionContext.executeBare(MavenExecutionContext.java:176) [org.eclipse.m2e.core_1.7.0.20160603-1933.jar:na]
	at org.eclipse.m2e.core.internal.embedder.MavenExecutionContext.execute(MavenExecutionContext.java:151) [org.eclipse.m2e.core_1.7.0.20160603-1933.jar:na]
	at org.eclipse.m2e.core.internal.embedder.MavenExecutionContext.execute(MavenExecutionContext.java:99) [org.eclipse.m2e.core_1.7.0.20160603-1933.jar:na]
	at org.eclipse.m2e.core.internal.builder.MavenBuilder$BuildMethod.execute(MavenBuilder.java:86) [org.eclipse.m2e.core_1.7.0.20160603-1933.jar:na]
	at org.eclipse.m2e.core.internal.builder.MavenBuilder.build(MavenBuilder.java:200) [org.eclipse.m2e.core_1.7.0.20160603-1933.jar:na]
	at org.eclipse.core.internal.events.BuildManager$2.run(BuildManager.java:735) [org.eclipse.core.resources_3.11.1.v20161107-2032.jar:na]
	at org.eclipse.core.runtime.SafeRunner.run(SafeRunner.java:42) [org.eclipse.equinox.common_3.8.0.v20160509-1230.jar:na]
	at org.eclipse.core.internal.events.BuildManager.basicBuild(BuildManager.java:206) [org.eclipse.core.resources_3.11.1.v20161107-2032.jar:na]
	at org.eclipse.core.internal.events.BuildManager.basicBuild(BuildManager.java:246) [org.eclipse.core.resources_3.11.1.v20161107-2032.jar:na]
	at org.eclipse.core.internal.events.BuildManager$1.run(BuildManager.java:301) [org.eclipse.core.resources_3.11.1.v20161107-2032.jar:na]
	at org.eclipse.core.runtime.SafeRunner.run(SafeRunner.java:42) [org.eclipse.equinox.common_3.8.0.v20160509-1230.jar:na]
	at org.eclipse.core.internal.events.BuildManager.basicBuild(BuildManager.java:304) [org.eclipse.core.resources_3.11.1.v20161107-2032.jar:na]
	at org.eclipse.core.internal.events.BuildManager.basicBuildLoop(BuildManager.java:360) [org.eclipse.core.resources_3.11.1.v20161107-2032.jar:na]
	at org.eclipse.core.internal.events.BuildManager.build(BuildManager.java:383) [org.eclipse.core.resources_3.11.1.v20161107-2032.jar:na]
	at org.eclipse.core.internal.events.AutoBuildJob.doBuild(AutoBuildJob.java:144) [org.eclipse.core.resources_3.11.1.v20161107-2032.jar:na]
	at org.eclipse.core.internal.events.AutoBuildJob.run(AutoBuildJob.java:235) [org.eclipse.core.resources_3.11.1.v20161107-2032.jar:na]
	at org.eclipse.core.internal.jobs.Worker.run(Worker.java:55) [org.eclipse.core.jobs_3.8.0.v20160509-0411.jar:na]
Caused by: org.apache.maven.model.io.ModelParseException: end tag name </plugin> must match start tag name <executions> from line 24 (position: TEXT seen ...</execution>  \n \t\t</plugin>... @37:13) 
	at org.apache.maven.model.io.DefaultModelReader.read(DefaultModelReader.java:122) ~[maven-model-builder-3.3.9.jar:3.3.9]
	at org.apache.maven.model.io.DefaultModelReader.read(DefaultModelReader.java:86) ~[maven-model-builder-3.3.9.jar:3.3.9]
	at org.eclipse.m2e.core.internal.embedder.MavenImpl.readModel(MavenImpl.java:563) ~[org.eclipse.m2e.core_1.7.0.20160603-1933.jar:na]
	... 24 common frames omitted
Caused by: org.codehaus.plexus.util.xml.pull.XmlPullParserException: end tag name </plugin> must match start tag name <executions> from line 24 (position: TEXT seen ...</execution>  \n \t\t</plugin>... @37:13) 
	at org.codehaus.plexus.util.xml.pull.MXParser.parseEndTag(MXParser.java:1727) ~[plexus-utils-3.0.22.jar:na]
	at org.codehaus.plexus.util.xml.pull.MXParser.nextImpl(MXParser.java:1169) ~[plexus-utils-3.0.22.jar:na]
	at org.codehaus.plexus.util.xml.pull.MXParser.next(MXParser.java:1131) ~[plexus-utils-3.0.22.jar:na]
	at org.codehaus.plexus.util.xml.pull.MXParser.nextTag(MXParser.java:1118) ~[plexus-utils-3.0.22.jar:na]
	at org.apache.maven.model.io.xpp3.MavenXpp3Reader.parsePlugin(MavenXpp3Reader.java:2735) ~[maven-model-3.3.9.jar:3.3.9]
	at org.apache.maven.model.io.xpp3.MavenXpp3Reader.parseBuild(MavenXpp3Reader.java:988) ~[maven-model-3.3.9.jar:3.3.9]
	at org.apache.maven.model.io.xpp3.MavenXpp3Reader.parseModel(MavenXpp3Reader.java:2277) ~[maven-model-3.3.9.jar:3.3.9]
	at org.apache.maven.model.io.xpp3.MavenXpp3Reader.read(MavenXpp3Reader.java:3845) ~[maven-model-3.3.9.jar:3.3.9]
	at org.apache.maven.model.io.xpp3.MavenXpp3Reader.read(MavenXpp3Reader.java:595) ~[maven-model-3.3.9.jar:3.3.9]
	at org.apache.maven.model.io.DefaultModelReader.read(DefaultModelReader.java:117) ~[maven-model-builder-3.3.9.jar:3.3.9]
	... 26 common frames omitted
2017-03-03 15:30:46,524 [Worker-21] INFO  o.e.m.i.launch.MavenLaunchDelegate - /home/ioana/workspaceChangeDriven/ChangeSettingDummy
2017-03-03 15:30:46,524 [Worker-21] INFO  o.e.m.i.launch.MavenLaunchDelegate -  mvn -B clean package
2017-03-03 15:31:02,763 [Worker-21] INFO  o.e.m.c.i.l.LifecycleMappingFactory - Using org.eclipse.m2e.jdt.JarLifecycleMapping lifecycle mapping for MavenProject: ChangeSettingDummy:ChangeSettingDummy:0.0.1-SNAPSHOT @ /home/ioana/workspaceChangeDriven/ChangeSettingDummy/pom.xml.
2017-03-03 15:31:02,973 [Worker-21] INFO  o.e.m.c.i.embedder.EclipseLogger - Using 'UTF-8' encoding to copy filtered resources.
2017-03-03 15:31:02,974 [Worker-21] INFO  o.e.m.c.i.embedder.EclipseLogger - skip non existing resourceDirectory /home/ioana/workspaceChangeDriven/ChangeSettingDummy/src/main/resources
2017-03-03 15:31:02,975 [Worker-21] INFO  o.e.m.c.i.embedder.EclipseLogger - Using 'UTF-8' encoding to copy filtered resources.
2017-03-03 15:31:02,975 [Worker-21] INFO  o.e.m.c.i.embedder.EclipseLogger - skip non existing resourceDirectory /home/ioana/workspaceChangeDriven/ChangeSettingDummy/src/test/resources
2017-03-03 15:31:04,150 [Worker-9] INFO  o.e.m.c.i.embedder.EclipseLogger - Using 'UTF-8' encoding to copy filtered resources.
2017-03-03 15:31:04,150 [Worker-9] INFO  o.e.m.c.i.embedder.EclipseLogger - skip non existing resourceDirectory /home/ioana/workspaceChangeDriven/ChangeSettingDummy/src/main/resources
2017-03-03 15:31:04,150 [Worker-9] INFO  o.e.m.c.i.embedder.EclipseLogger - Using 'UTF-8' encoding to copy filtered resources.
2017-03-03 15:31:04,150 [Worker-9] INFO  o.e.m.c.i.embedder.EclipseLogger - skip non existing resourceDirectory /home/ioana/workspaceChangeDriven/ChangeSettingDummy/src/test/resources
2017-03-03 15:31:07,827 [Worker-20] INFO  o.e.m.i.launch.MavenLaunchDelegate - /home/ioana/workspaceChangeDriven/ChangeSettingDummy
2017-03-03 15:31:07,827 [Worker-20] INFO  o.e.m.i.launch.MavenLaunchDelegate -  mvn -B clean package
2017-03-03 15:37:53,941 [Worker-23] INFO  o.e.m.c.i.l.LifecycleMappingFactory - Using org.eclipse.m2e.jdt.JarLifecycleMapping lifecycle mapping for MavenProject: ChangeSettingDummy:ChangeSettingDummy:0.0.1-SNAPSHOT @ /home/ioana/workspaceChangeDriven/ChangeSettingDummy/pom.xml.
2017-03-03 15:37:54,085 [Worker-23] INFO  o.e.m.c.i.embedder.EclipseLogger - Using 'UTF-8' encoding to copy filtered resources.
2017-03-03 15:37:54,086 [Worker-23] INFO  o.e.m.c.i.embedder.EclipseLogger - skip non existing resourceDirectory /home/ioana/workspaceChangeDriven/ChangeSettingDummy/src/main/resources
2017-03-03 15:37:54,087 [Worker-23] INFO  o.e.m.c.i.embedder.EclipseLogger - Using 'UTF-8' encoding to copy filtered resources.
2017-03-03 15:37:54,087 [Worker-23] INFO  o.e.m.c.i.embedder.EclipseLogger - skip non existing resourceDirectory /home/ioana/workspaceChangeDriven/ChangeSettingDummy/src/test/resources
2017-03-03 15:38:59,069 [main] INFO  o.e.m2e.actions.ExecutePomAction - Creating new launch configuration
2017-03-03 15:39:11,896 [main] INFO  o.e.m2e.actions.ExecutePomAction - Creating new launch configuration
2017-03-03 15:39:19,171 [Worker-23] INFO  o.e.m.i.launch.MavenLaunchDelegate - /home/ioana/workspaceChangeDriven/ChangeSettingDummy
2017-03-03 15:39:19,171 [Worker-23] INFO  o.e.m.i.launch.MavenLaunchDelegate -  mvn -B clean package
2017-03-03 15:40:08,505 [Worker-22] INFO  o.e.m.c.i.l.LifecycleMappingFactory - Using org.eclipse.m2e.jdt.JarLifecycleMapping lifecycle mapping for MavenProject: ChangeSettingDummy:ChangeSettingDummy:0.0.1-SNAPSHOT @ /home/ioana/workspaceChangeDriven/ChangeSettingDummy/pom.xml.
2017-03-03 15:40:08,713 [Worker-22] INFO  o.e.m.c.i.embedder.EclipseLogger - Using 'UTF-8' encoding to copy filtered resources.
2017-03-03 15:40:08,713 [Worker-22] INFO  o.e.m.c.i.embedder.EclipseLogger - skip non existing resourceDirectory /home/ioana/workspaceChangeDriven/ChangeSettingDummy/src/main/resources
2017-03-03 15:40:08,714 [Worker-22] INFO  o.e.m.c.i.embedder.EclipseLogger - Using 'UTF-8' encoding to copy filtered resources.
2017-03-03 15:40:08,714 [Worker-22] INFO  o.e.m.c.i.embedder.EclipseLogger - skip non existing resourceDirectory /home/ioana/workspaceChangeDriven/ChangeSettingDummy/src/test/resources
2017-03-03 15:40:14,853 [Worker-22] INFO  o.e.m.i.launch.MavenLaunchDelegate - /home/ioana/workspaceChangeDriven/ChangeSettingDummy
2017-03-03 15:40:14,853 [Worker-22] INFO  o.e.m.i.launch.MavenLaunchDelegate -  mvn -B clean package
2017-03-03 15:42:17,583 [Worker-24] INFO  o.e.m.c.i.l.LifecycleMappingFactory - Using org.eclipse.m2e.jdt.JarLifecycleMapping lifecycle mapping for MavenProject: ChangeSettingDummy:ChangeSettingDummy:0.0.1-SNAPSHOT @ /home/ioana/workspaceChangeDriven/ChangeSettingDummy/pom.xml.
2017-03-03 15:42:17,726 [Worker-24] INFO  o.e.m.c.i.embedder.EclipseLogger - Using 'UTF-8' encoding to copy filtered resources.
2017-03-03 15:42:17,726 [Worker-24] INFO  o.e.m.c.i.embedder.EclipseLogger - skip non existing resourceDirectory /home/ioana/workspaceChangeDriven/ChangeSettingDummy/src/main/resources
2017-03-03 15:42:17,727 [Worker-24] INFO  o.e.m.c.i.embedder.EclipseLogger - Using 'UTF-8' encoding to copy filtered resources.
2017-03-03 15:42:17,727 [Worker-24] INFO  o.e.m.c.i.embedder.EclipseLogger - skip non existing resourceDirectory /home/ioana/workspaceChangeDriven/ChangeSettingDummy/src/test/resources
2017-03-03 15:42:24,544 [Worker-21] INFO  o.e.m.c.i.l.LifecycleMappingFactory - Using org.eclipse.m2e.jdt.JarLifecycleMapping lifecycle mapping for MavenProject: ChangeSettingDummy:ChangeSettingDummy:0.0.1-SNAPSHOT @ /home/ioana/workspaceChangeDriven/ChangeSettingDummy/pom.xml.
2017-03-03 15:42:24,719 [Worker-21] INFO  o.e.m.c.i.embedder.EclipseLogger - Using 'UTF-8' encoding to copy filtered resources.
2017-03-03 15:42:24,719 [Worker-21] INFO  o.e.m.c.i.embedder.EclipseLogger - skip non existing resourceDirectory /home/ioana/workspaceChangeDriven/ChangeSettingDummy/src/main/resources
2017-03-03 15:42:24,720 [Worker-21] INFO  o.e.m.c.i.embedder.EclipseLogger - Using 'UTF-8' encoding to copy filtered resources.
2017-03-03 15:42:24,720 [Worker-21] INFO  o.e.m.c.i.embedder.EclipseLogger - skip non existing resourceDirectory /home/ioana/workspaceChangeDriven/ChangeSettingDummy/src/test/resources
2017-03-03 15:43:45,245 [Worker-23] INFO  o.e.m.i.launch.MavenLaunchDelegate - /home/ioana/workspaceChangeDriven/ChangeSettingDummy
2017-03-03 15:43:45,245 [Worker-23] INFO  o.e.m.i.launch.MavenLaunchDelegate -  mvn -B -analyseLastCommit org.pitest:pitest-maven:mutationCoverage
2017-03-03 15:44:04,329 [Worker-21] INFO  o.e.m.i.launch.MavenLaunchDelegate - /home/ioana/workspaceChangeDriven/ChangeSettingDummy
2017-03-03 15:44:04,330 [Worker-21] INFO  o.e.m.i.launch.MavenLaunchDelegate -  mvn -B -analyseLastCommit org.pitest:pitest-maven:mutationCoverage
2017-03-03 15:44:17,105 [Worker-22] INFO  o.e.m.i.launch.MavenLaunchDelegate - /home/ioana/workspaceChangeDriven/ChangeSettingDummy
2017-03-03 15:44:17,105 [Worker-22] INFO  o.e.m.i.launch.MavenLaunchDelegate -  mvn -B mvn -analyseLastCommit org.pitest:pitest-maven:mutationCoverage
2017-03-03 15:44:41,875 [Worker-24] INFO  o.e.m.i.launch.MavenLaunchDelegate - /home/ioana/workspaceChangeDriven/ChangeSettingDummy
2017-03-03 15:44:41,875 [Worker-24] INFO  o.e.m.i.launch.MavenLaunchDelegate -  mvn -B mvn -analyseLastCommit
2017-03-03 15:45:23,227 [Worker-14] INFO  o.e.m.i.launch.MavenLaunchDelegate - /home/ioana/workspaceChangeDriven/ChangeSettingDummy
2017-03-03 15:45:23,227 [Worker-14] INFO  o.e.m.i.launch.MavenLaunchDelegate -  mvn -B mvn -DanalyseLastCommit
2017-03-03 15:45:42,976 [Worker-23] INFO  o.e.m.i.launch.MavenLaunchDelegate - /home/ioana/workspaceChangeDriven/ChangeSettingDummy
2017-03-03 15:45:42,977 [Worker-23] INFO  o.e.m.i.launch.MavenLaunchDelegate -  mvn -B -DanalyseLastCommit
2017-03-03 15:46:14,274 [Worker-23] INFO  o.e.m.i.launch.MavenLaunchDelegate - /home/ioana/workspaceChangeDriven/ChangeSettingDummy
2017-03-03 15:46:14,275 [Worker-23] INFO  o.e.m.i.launch.MavenLaunchDelegate -  mvn -B -DanalyseLastCommit org.pitest:pitest-maven:mutationCoverage
2017-03-03 15:47:34,527 [Worker-14] INFO  o.e.m.c.i.embedder.EclipseLogger - Using 'UTF-8' encoding to copy filtered resources.
2017-03-03 15:47:34,528 [Worker-14] INFO  o.e.m.c.i.embedder.EclipseLogger - skip non existing resourceDirectory /home/ioana/workspaceChangeDriven/ChangeSettingDummy/src/main/resources
2017-03-03 15:47:34,528 [Worker-14] INFO  o.e.m.c.i.embedder.EclipseLogger - Using 'UTF-8' encoding to copy filtered resources.
2017-03-03 15:47:34,528 [Worker-14] INFO  o.e.m.c.i.embedder.EclipseLogger - skip non existing resourceDirectory /home/ioana/workspaceChangeDriven/ChangeSettingDummy/src/test/resources
2017-03-03 15:49:04,795 [Worker-22] INFO  o.e.m.i.launch.MavenLaunchDelegate - /home/ioana/workspaceChangeDriven/ChangeSettingDummy
2017-03-03 15:49:04,795 [Worker-22] INFO  o.e.m.i.launch.MavenLaunchDelegate -  mvn -B -DanalyseLastCommit org.pitest:pitest-maven:mutationCoverage
2017-03-03 15:50:25,154 [Worker-23] INFO  o.e.m.c.i.embedder.EclipseLogger - Using 'UTF-8' encoding to copy filtered resources.
2017-03-03 15:50:25,154 [Worker-23] INFO  o.e.m.c.i.embedder.EclipseLogger - skip non existing resourceDirectory /home/ioana/workspaceChangeDriven/ChangeSettingDummy/src/main/resources
2017-03-03 15:50:25,155 [Worker-23] INFO  o.e.m.c.i.embedder.EclipseLogger - Using 'UTF-8' encoding to copy filtered resources.
2017-03-03 15:50:25,155 [Worker-23] INFO  o.e.m.c.i.embedder.EclipseLogger - skip non existing resourceDirectory /home/ioana/workspaceChangeDriven/ChangeSettingDummy/src/test/resources
2017-03-03 15:50:43,178 [Worker-14] INFO  o.e.m.c.i.embedder.EclipseLogger - Using 'UTF-8' encoding to copy filtered resources.
2017-03-03 15:50:43,178 [Worker-14] INFO  o.e.m.c.i.embedder.EclipseLogger - skip non existing resourceDirectory /home/ioana/workspaceChangeDriven/ChangeSettingDummy/src/main/resources
2017-03-03 15:50:43,178 [Worker-14] INFO  o.e.m.c.i.embedder.EclipseLogger - Using 'UTF-8' encoding to copy filtered resources.
2017-03-03 15:50:43,178 [Worker-14] INFO  o.e.m.c.i.embedder.EclipseLogger - skip non existing resourceDirectory /home/ioana/workspaceChangeDriven/ChangeSettingDummy/src/test/resources
2017-03-03 15:54:25,000 [Worker-25] INFO  o.e.m.i.launch.MavenLaunchDelegate - /home/ioana/workspaceChangeDriven/ChangeSettingDummy
2017-03-03 15:54:25,000 [Worker-25] INFO  o.e.m.i.launch.MavenLaunchDelegate -  mvn -B -DanalyseLastCommit org.pitest:pitest-maven:mutationCoverage
2017-03-03 16:11:53,427 [Worker-25] INFO  o.e.m.c.i.embedder.EclipseLogger - Using 'UTF-8' encoding to copy filtered resources.
2017-03-03 16:11:53,427 [Worker-25] INFO  o.e.m.c.i.embedder.EclipseLogger - skip non existing resourceDirectory /home/ioana/workspaceChangeDriven/ChangeSettingDummy/src/main/resources
2017-03-03 16:11:53,428 [Worker-25] INFO  o.e.m.c.i.embedder.EclipseLogger - Using 'UTF-8' encoding to copy filtered resources.
2017-03-03 16:11:53,428 [Worker-25] INFO  o.e.m.c.i.embedder.EclipseLogger - skip non existing resourceDirectory /home/ioana/workspaceChangeDriven/ChangeSettingDummy/src/test/resources
2017-03-03 16:12:04,723 [Worker-23] INFO  o.e.m.c.i.embedder.EclipseLogger - Using 'UTF-8' encoding to copy filtered resources.
2017-03-03 16:12:04,724 [Worker-23] INFO  o.e.m.c.i.embedder.EclipseLogger - skip non existing resourceDirectory /home/ioana/workspaceChangeDriven/ChangeSettingDummy/src/main/resources
2017-03-03 16:12:04,724 [Worker-23] INFO  o.e.m.c.i.embedder.EclipseLogger - Using 'UTF-8' encoding to copy filtered resources.
2017-03-03 16:12:04,724 [Worker-23] INFO  o.e.m.c.i.embedder.EclipseLogger - skip non existing resourceDirectory /home/ioana/workspaceChangeDriven/ChangeSettingDummy/src/test/resources
2017-03-03 16:12:15,603 [Worker-14] INFO  o.e.m.c.i.embedder.EclipseLogger - Using 'UTF-8' encoding to copy filtered resources.
2017-03-03 16:12:15,604 [Worker-14] INFO  o.e.m.c.i.embedder.EclipseLogger - skip non existing resourceDirectory /home/ioana/workspaceChangeDriven/ChangeSettingDummy/src/main/resources
2017-03-03 16:12:15,604 [Worker-14] INFO  o.e.m.c.i.embedder.EclipseLogger - Using 'UTF-8' encoding to copy filtered resources.
2017-03-03 16:12:15,604 [Worker-14] INFO  o.e.m.c.i.embedder.EclipseLogger - skip non existing resourceDirectory /home/ioana/workspaceChangeDriven/ChangeSettingDummy/src/test/resources
2017-03-21 16:07:17,934 [Worker-0] INFO  c.g.t.t.d.PublishedGradleVersions - Gradle version information cache is up-to-date. Trying to read.
2017-03-21 16:09:58,800 [Worker-4] INFO  o.e.m.i.launch.MavenLaunchDelegate - /home/ioana/workspaceChangeDriven/ChangeSettingDummy
2017-03-21 16:09:58,801 [Worker-4] INFO  o.e.m.i.launch.MavenLaunchDelegate -  mvn -B -DanalyseLastCommit org.pitest:pitest-maven:mutationCoverage
2017-03-21 16:13:59,335 [Worker-1] INFO  o.e.m.i.launch.MavenLaunchDelegate - /home/ioana/workspaceChangeDriven/ChangeSettingDummy
2017-03-21 16:13:59,335 [Worker-1] INFO  o.e.m.i.launch.MavenLaunchDelegate -  mvn -B -DanalyseLastCommit org.pitest:pitest-maven:mutationCoverage
2017-03-21 16:14:56,933 [Worker-1] INFO  o.e.m.c.i.embedder.EclipseLogger - Using 'UTF-8' encoding to copy filtered resources.
2017-03-21 16:14:56,933 [Worker-1] INFO  o.e.m.c.i.embedder.EclipseLogger - skip non existing resourceDirectory /home/ioana/workspaceChangeDriven/ChangeSettingDummy/src/main/resources
2017-03-21 16:14:56,935 [Worker-1] INFO  o.e.m.c.i.embedder.EclipseLogger - Using 'UTF-8' encoding to copy filtered resources.
2017-03-21 16:14:56,935 [Worker-1] INFO  o.e.m.c.i.embedder.EclipseLogger - skip non existing resourceDirectory /home/ioana/workspaceChangeDriven/ChangeSettingDummy/src/test/resources
2017-03-21 16:16:50,170 [Worker-17] INFO  o.e.m.c.i.embedder.EclipseLogger - Using 'UTF-8' encoding to copy filtered resources.
2017-03-21 16:16:50,170 [Worker-17] INFO  o.e.m.c.i.embedder.EclipseLogger - skip non existing resourceDirectory /home/ioana/workspaceChangeDriven/ChangeSettingDummy/src/main/resources
2017-03-21 16:16:50,171 [Worker-17] INFO  o.e.m.c.i.embedder.EclipseLogger - Using 'UTF-8' encoding to copy filtered resources.
2017-03-21 16:16:50,171 [Worker-17] INFO  o.e.m.c.i.embedder.EclipseLogger - skip non existing resourceDirectory /home/ioana/workspaceChangeDriven/ChangeSettingDummy/src/test/resources
2017-03-21 16:17:00,628 [Worker-1] INFO  o.e.m.i.launch.MavenLaunchDelegate - /home/ioana/workspaceChangeDriven/ChangeSettingDummy
2017-03-21 16:17:00,629 [Worker-1] INFO  o.e.m.i.launch.MavenLaunchDelegate -  mvn -B clean package
2017-03-21 16:17:12,823 [Worker-18] INFO  o.e.m.c.i.embedder.EclipseLogger - Using 'UTF-8' encoding to copy filtered resources.
2017-03-21 16:17:12,823 [Worker-18] INFO  o.e.m.c.i.embedder.EclipseLogger - skip non existing resourceDirectory /home/ioana/workspaceChangeDriven/ChangeSettingDummy/src/main/resources
2017-03-21 16:17:12,824 [Worker-18] INFO  o.e.m.c.i.embedder.EclipseLogger - Using 'UTF-8' encoding to copy filtered resources.
2017-03-21 16:17:12,824 [Worker-18] INFO  o.e.m.c.i.embedder.EclipseLogger - skip non existing resourceDirectory /home/ioana/workspaceChangeDriven/ChangeSettingDummy/src/test/resources
2017-03-21 16:17:15,946 [Worker-1] INFO  o.e.m.c.i.embedder.EclipseLogger - Using 'UTF-8' encoding to copy filtered resources.
2017-03-21 16:17:15,946 [Worker-1] INFO  o.e.m.c.i.embedder.EclipseLogger - skip non existing resourceDirectory /home/ioana/workspaceChangeDriven/ChangeSettingDummy/src/main/resources
2017-03-21 16:17:15,947 [Worker-1] INFO  o.e.m.c.i.embedder.EclipseLogger - Using 'UTF-8' encoding to copy filtered resources.
2017-03-21 16:17:15,947 [Worker-1] INFO  o.e.m.c.i.embedder.EclipseLogger - skip non existing resourceDirectory /home/ioana/workspaceChangeDriven/ChangeSettingDummy/src/test/resources
2017-03-21 16:17:18,171 [Takari usage stats reporter] INFO  i.t.s.m.i.UsageStatsActivator - Reporting usage stats url=https://stats.takari.io/stats, body={"java.version":"1.8.0_121","java.vendor":"Oracle Corporation","os.name":"Linux","os.arch":"amd64","os.version":"4.4.0-65-generic","eclipse.product":"org.eclipse.epp.package.java.product","eclipse.buildId":"4.6.2.M20161124-1400","projectCount":1,"bundles":[{"symbolicName":"org.eclipse.osgi","version":"3.11.2.v20161107-1947"},{"symbolicName":"org.eclipse.m2e.core","version":"1.7.0.20160603-1933"},{"symbolicName":"io.takari.stats.m2e","version":"0.1.0.201506181201"}],"mavenPlugins":{"org.apache.maven.plugins:maven-clean-plugin:2.5:clean":[],"org.apache.maven.plugins:maven-compiler-plugin:3.1:compile":["configurator"],"org.apache.maven.plugins:maven-compiler-plugin:3.1:testCompile":["configurator"],"org.apache.maven.plugins:maven-deploy-plugin:2.7:deploy":[],"org.apache.maven.plugins:maven-install-plugin:2.4:install":[],"org.apache.maven.plugins:maven-jar-plugin:2.4:jar":["configurator"],"org.apache.maven.plugins:maven-resources-plugin:2.6:resources":["execute"],"org.apache.maven.plugins:maven-resources-plugin:2.6:testResources":["execute"],"org.apache.maven.plugins:maven-site-plugin:3.3:site":[],"org.apache.maven.plugins:maven-surefire-plugin:2.12.4:test":[]}}
2017-03-21 16:17:25,800 [Worker-18] INFO  o.e.m.i.launch.MavenLaunchDelegate - /home/ioana/workspaceChangeDriven/ChangeSettingDummy
2017-03-21 16:17:25,800 [Worker-18] INFO  o.e.m.i.launch.MavenLaunchDelegate -  mvn -B clean package
2017-03-21 16:18:32,177 [Worker-4] INFO  o.e.m.i.launch.MavenLaunchDelegate - /home/ioana/workspaceChangeDriven/ChangeSettingDummy
2017-03-21 16:18:32,177 [Worker-4] INFO  o.e.m.i.launch.MavenLaunchDelegate -  mvn -B -DanalyseLastCommit org.pitest:pitest-maven:mutationCoverage
2017-03-21 16:22:52,926 [Worker-1] INFO  o.e.m.i.launch.MavenLaunchDelegate - /home/ioana/workspaceChangeDriven/ChangeSettingDummy
2017-03-21 16:22:52,926 [Worker-1] INFO  o.e.m.i.launch.MavenLaunchDelegate -  mvn -B -DanalyseLastCommit org.pitest:pitest-maven:mutationCoverage
2017-03-21 16:23:38,044 [Worker-4] INFO  o.e.m.c.i.embedder.EclipseLogger - Using 'UTF-8' encoding to copy filtered resources.
2017-03-21 16:23:38,044 [Worker-4] INFO  o.e.m.c.i.embedder.EclipseLogger - skip non existing resourceDirectory /home/ioana/workspaceChangeDriven/ChangeSettingDummy/src/main/resources
2017-03-21 16:23:38,045 [Worker-4] INFO  o.e.m.c.i.embedder.EclipseLogger - Using 'UTF-8' encoding to copy filtered resources.
2017-03-21 16:23:38,045 [Worker-4] INFO  o.e.m.c.i.embedder.EclipseLogger - skip non existing resourceDirectory /home/ioana/workspaceChangeDriven/ChangeSettingDummy/src/test/resources
2017-03-21 16:24:34,659 [Worker-19] INFO  o.e.m.c.i.embedder.EclipseLogger - Using 'UTF-8' encoding to copy filtered resources.
2017-03-21 16:24:34,660 [Worker-19] INFO  o.e.m.c.i.embedder.EclipseLogger - skip non existing resourceDirectory /home/ioana/workspaceChangeDriven/ChangeSettingDummy/src/main/resources
2017-03-21 16:24:34,660 [Worker-19] INFO  o.e.m.c.i.embedder.EclipseLogger - Using 'UTF-8' encoding to copy filtered resources.
2017-03-21 16:24:34,660 [Worker-19] INFO  o.e.m.c.i.embedder.EclipseLogger - skip non existing resourceDirectory /home/ioana/workspaceChangeDriven/ChangeSettingDummy/src/test/resources
2017-03-21 16:24:47,888 [Worker-20] INFO  o.e.m.i.launch.MavenLaunchDelegate - /home/ioana/workspaceChangeDriven/ChangeSettingDummy
2017-03-21 16:24:47,889 [Worker-20] INFO  o.e.m.i.launch.MavenLaunchDelegate -  mvn -B -DanalyseLastCommit org.pitest:pitest-maven:mutationCoverage
2017-03-21 16:29:09,631 [Worker-20] INFO  o.e.m.c.i.embedder.EclipseLogger - Using 'UTF-8' encoding to copy filtered resources.
2017-03-21 16:29:09,631 [Worker-20] INFO  o.e.m.c.i.embedder.EclipseLogger - skip non existing resourceDirectory /home/ioana/workspaceChangeDriven/ChangeSettingDummy/src/main/resources
2017-03-21 16:29:09,631 [Worker-20] INFO  o.e.m.c.i.embedder.EclipseLogger - Using 'UTF-8' encoding to copy filtered resources.
2017-03-21 16:29:09,631 [Worker-20] INFO  o.e.m.c.i.embedder.EclipseLogger - skip non existing resourceDirectory /home/ioana/workspaceChangeDriven/ChangeSettingDummy/src/test/resources
2017-03-21 16:29:10,686 [Worker-18] INFO  o.e.m.c.i.embedder.EclipseLogger - Using 'UTF-8' encoding to copy filtered resources.
2017-03-21 16:29:10,686 [Worker-18] INFO  o.e.m.c.i.embedder.EclipseLogger - skip non existing resourceDirectory /home/ioana/workspaceChangeDriven/ChangeSettingDummy/src/main/resources
2017-03-21 16:29:10,688 [Worker-18] INFO  o.e.m.c.i.embedder.EclipseLogger - Using 'UTF-8' encoding to copy filtered resources.
2017-03-21 16:29:10,688 [Worker-18] INFO  o.e.m.c.i.embedder.EclipseLogger - skip non existing resourceDirectory /home/ioana/workspaceChangeDriven/ChangeSettingDummy/src/test/resources
2017-03-21 16:29:26,252 [Worker-9] INFO  o.e.m.c.i.embedder.EclipseLogger - Using 'UTF-8' encoding to copy filtered resources.
2017-03-21 16:29:26,252 [Worker-9] INFO  o.e.m.c.i.embedder.EclipseLogger - skip non existing resourceDirectory /home/ioana/workspaceChangeDriven/ChangeSettingDummy/src/main/resources
2017-03-21 16:29:26,253 [Worker-9] INFO  o.e.m.c.i.embedder.EclipseLogger - Using 'UTF-8' encoding to copy filtered resources.
2017-03-21 16:29:26,253 [Worker-9] INFO  o.e.m.c.i.embedder.EclipseLogger - skip non existing resourceDirectory /home/ioana/workspaceChangeDriven/ChangeSettingDummy/src/test/resources
2017-03-21 16:29:29,499 [Worker-22] INFO  o.e.m.c.i.embedder.EclipseLogger - Using 'UTF-8' encoding to copy filtered resources.
2017-03-21 16:29:29,499 [Worker-22] INFO  o.e.m.c.i.embedder.EclipseLogger - skip non existing resourceDirectory /home/ioana/workspaceChangeDriven/ChangeSettingDummy/src/main/resources
2017-03-21 16:29:29,500 [Worker-22] INFO  o.e.m.c.i.embedder.EclipseLogger - Using 'UTF-8' encoding to copy filtered resources.
2017-03-21 16:29:29,500 [Worker-22] INFO  o.e.m.c.i.embedder.EclipseLogger - skip non existing resourceDirectory /home/ioana/workspaceChangeDriven/ChangeSettingDummy/src/test/resources
2017-03-21 16:29:36,411 [Worker-9] INFO  o.e.m.i.launch.MavenLaunchDelegate - /home/ioana/workspaceChangeDriven/ChangeSettingDummy
2017-03-21 16:29:36,412 [Worker-9] INFO  o.e.m.i.launch.MavenLaunchDelegate -  mvn -B test
2017-03-21 16:29:39,811 [Worker-21] INFO  o.e.m.c.i.embedder.EclipseLogger - Using 'UTF-8' encoding to copy filtered resources.
2017-03-21 16:29:39,811 [Worker-21] INFO  o.e.m.c.i.embedder.EclipseLogger - skip non existing resourceDirectory /home/ioana/workspaceChangeDriven/ChangeSettingDummy/src/main/resources
2017-03-21 16:29:39,812 [Worker-21] INFO  o.e.m.c.i.embedder.EclipseLogger - Using 'UTF-8' encoding to copy filtered resources.
2017-03-21 16:29:39,812 [Worker-21] INFO  o.e.m.c.i.embedder.EclipseLogger - skip non existing resourceDirectory /home/ioana/workspaceChangeDriven/ChangeSettingDummy/src/test/resources
2017-03-21 16:29:46,044 [Worker-21] INFO  o.e.m.i.launch.MavenLaunchDelegate - /home/ioana/workspaceChangeDriven/ChangeSettingDummy
2017-03-21 16:29:46,044 [Worker-21] INFO  o.e.m.i.launch.MavenLaunchDelegate -  mvn -B -DanalyseLastCommit org.pitest:pitest-maven:mutationCoverage
2017-03-21 16:32:05,058 [Worker-4] INFO  o.e.m.c.i.embedder.EclipseLogger - Using 'UTF-8' encoding to copy filtered resources.
2017-03-21 16:32:05,059 [Worker-4] INFO  o.e.m.c.i.embedder.EclipseLogger - skip non existing resourceDirectory /home/ioana/workspaceChangeDriven/ChangeSettingDummy/src/main/resources
2017-03-21 16:32:05,059 [Worker-4] INFO  o.e.m.c.i.embedder.EclipseLogger - Using 'UTF-8' encoding to copy filtered resources.
2017-03-21 16:32:05,059 [Worker-4] INFO  o.e.m.c.i.embedder.EclipseLogger - skip non existing resourceDirectory /home/ioana/workspaceChangeDriven/ChangeSettingDummy/src/test/resources
2017-03-21 16:32:11,692 [Worker-21] INFO  o.e.m.i.launch.MavenLaunchDelegate - /home/ioana/workspaceChangeDriven/ChangeSettingDummy
2017-03-21 16:32:11,692 [Worker-21] INFO  o.e.m.i.launch.MavenLaunchDelegate -  mvn -B -DanalyseLastCommit org.pitest:pitest-maven:mutationCoverage
2017-03-21 16:33:09,774 [Worker-21] INFO  o.e.m.c.i.embedder.EclipseLogger - Using 'UTF-8' encoding to copy filtered resources.
2017-03-21 16:33:09,775 [Worker-21] INFO  o.e.m.c.i.embedder.EclipseLogger - skip non existing resourceDirectory /home/ioana/workspaceChangeDriven/ChangeSettingDummy/src/main/resources
2017-03-21 16:33:09,776 [Worker-21] INFO  o.e.m.c.i.embedder.EclipseLogger - Using 'UTF-8' encoding to copy filtered resources.
2017-03-21 16:33:09,776 [Worker-21] INFO  o.e.m.c.i.embedder.EclipseLogger - skip non existing resourceDirectory /home/ioana/workspaceChangeDriven/ChangeSettingDummy/src/test/resources
2017-03-21 16:33:16,730 [Worker-18] INFO  o.e.m.i.launch.MavenLaunchDelegate - /home/ioana/workspaceChangeDriven/ChangeSettingDummy
2017-03-21 16:33:16,730 [Worker-18] INFO  o.e.m.i.launch.MavenLaunchDelegate -  mvn -B -DanalyseLastCommit org.pitest:pitest-maven:mutationCoverage
2017-03-21 16:34:08,256 [Worker-18] INFO  o.e.m.i.launch.MavenLaunchDelegate - /home/ioana/workspaceChangeDriven/ChangeSettingDummy
2017-03-21 16:34:08,256 [Worker-18] INFO  o.e.m.i.launch.MavenLaunchDelegate -  mvn -B -DanalyseLastCommit  true org.pitest:pitest-maven:mutationCoverage
2017-03-21 16:34:34,261 [Worker-25] INFO  o.e.m.i.launch.MavenLaunchDelegate - /home/ioana/workspaceChangeDriven/ChangeSettingDummy
2017-03-21 16:34:34,262 [Worker-25] INFO  o.e.m.i.launch.MavenLaunchDelegate -  mvn -B -DanalyseLastCommit
2017-03-21 16:36:02,202 [Worker-21] INFO  o.e.m.i.launch.MavenLaunchDelegate - /home/ioana/workspaceChangeDriven/ChangeSettingDummy
2017-03-21 16:36:02,202 [Worker-21] INFO  o.e.m.i.launch.MavenLaunchDelegate -  mvn -B org.pitest:pitest-maven:mutationCoverage -DanalyseLastCommit 
2017-03-21 16:36:27,881 [Worker-18] INFO  o.e.m.c.i.embedder.EclipseLogger - Using 'UTF-8' encoding to copy filtered resources.
2017-03-21 16:36:27,881 [Worker-18] INFO  o.e.m.c.i.embedder.EclipseLogger - skip non existing resourceDirectory /home/ioana/workspaceChangeDriven/ChangeSettingDummy/src/main/resources
2017-03-21 16:36:27,881 [Worker-18] INFO  o.e.m.c.i.embedder.EclipseLogger - Using 'UTF-8' encoding to copy filtered resources.
2017-03-21 16:36:27,881 [Worker-18] INFO  o.e.m.c.i.embedder.EclipseLogger - skip non existing resourceDirectory /home/ioana/workspaceChangeDriven/ChangeSettingDummy/src/test/resources
2017-03-21 16:36:37,827 [Worker-21] INFO  o.e.m.c.i.embedder.EclipseLogger - Using 'UTF-8' encoding to copy filtered resources.
2017-03-21 16:36:37,827 [Worker-21] INFO  o.e.m.c.i.embedder.EclipseLogger - skip non existing resourceDirectory /home/ioana/workspaceChangeDriven/ChangeSettingDummy/src/main/resources
2017-03-21 16:36:37,827 [Worker-21] INFO  o.e.m.c.i.embedder.EclipseLogger - Using 'UTF-8' encoding to copy filtered resources.
2017-03-21 16:36:37,827 [Worker-21] INFO  o.e.m.c.i.embedder.EclipseLogger - skip non existing resourceDirectory /home/ioana/workspaceChangeDriven/ChangeSettingDummy/src/test/resources
2017-03-21 16:36:52,122 [Worker-24] INFO  o.e.m.c.i.embedder.EclipseLogger - Using 'UTF-8' encoding to copy filtered resources.
2017-03-21 16:36:52,122 [Worker-24] INFO  o.e.m.c.i.embedder.EclipseLogger - skip non existing resourceDirectory /home/ioana/workspaceChangeDriven/ChangeSettingDummy/src/main/resources
2017-03-21 16:36:52,123 [Worker-24] INFO  o.e.m.c.i.embedder.EclipseLogger - Using 'UTF-8' encoding to copy filtered resources.
2017-03-21 16:36:52,124 [Worker-24] INFO  o.e.m.c.i.embedder.EclipseLogger - skip non existing resourceDirectory /home/ioana/workspaceChangeDriven/ChangeSettingDummy/src/test/resources
